<?xml version="1.0" encoding="UTF-8"?>
<!-- Generated by org.testng.reporters.JUnitReportReporter -->
<testsuite hostname="DESKTOP-H3SUCU2" name="Selenium_Jenkin.selenium_jenkin.TestDriver" tests="1" failures="0" timestamp="1 Apr 2018 03:47:52 GMT" time="13.832" errors="0">
  <testcase name="mainTest" time="13.832" classname="Selenium_Jenkin.selenium_jenkin.TestDriver"/>
</testsuite> <!-- Selenium_Jenkin.selenium_jenkin.TestDriver -->
